  platform.c
  texture-atlas.c
C:\Users\Anonymous\source\repos\TcEngine\Dependencies\FreeType\freetype-gl\texture-atlas.c(133): warning C4090: '=': different 'const' qualifiers
C:\Users\Anonymous\source\repos\TcEngine\Dependencies\FreeType\freetype-gl\texture-atlas.c(237): warning C4018: '<': signed/unsigned mismatch
  texture-font.c
  vector.c
  autofit.c
  ftbase.c
  ftbbox.c
  ftbitmap.c
  ftdebug.c
  ftfstype.c
  ftgasp.c
  ftglyph.c
  ftgxval.c
  ftinit.c
  ftlcdfil.c
  ftmm.c
  ftotval.c
  ftpatent.c
  ftpfr.c
  ftstroke.c
  Generating Code...
  Compiling...
  ftsynth.c
  ftsystem.c
  fttype1.c
  ftwinfnt.c
  ftxf86.c
  bdf.c
  ftcache.c
  cff.c
  type1cid.c
  ftgzip.c
  ftlzw.c
  pcf.c
  pfr.c
  psaux.c
  pshinter.c
  psmodule.c
  raster.c
  sfnt.c
  smooth.c
  truetype.c
  Generating Code...
  Compiling...
  type1.c
  type42.c
  winfnt.c
  Generating Code...
     Creating library C:\Users\Anonymous\source\repos\TcEngine\Debug\SPFont.lib and object C:\Users\Anonymous\source\repos\TcEngine\Debug\SPFont.exp
  FreeType.vcxproj -> C:\Users\Anonymous\source\repos\TcEngine\Debug\SPFont.dll
