c:\users\anonymous\source\repos\tcengine\tcengine\release\vc141.pdb
c:\users\anonymous\source\repos\tcengine\tcengine\release\vec4.obj
c:\users\anonymous\source\repos\tcengine\tcengine\release\vec3.obj
c:\users\anonymous\source\repos\tcengine\tcengine\release\vec2.obj
c:\users\anonymous\source\repos\tcengine\tcengine\release\maths.obj
c:\users\anonymous\source\repos\tcengine\tcengine\release\mat4.obj
c:\users\anonymous\source\repos\tcengine\tcengine\release\window.obj
c:\users\anonymous\source\repos\tcengine\tcengine\release\texture.obj
c:\users\anonymous\source\repos\tcengine\tcengine\release\static_sprite.obj
c:\users\anonymous\source\repos\tcengine\tcengine\release\sprite.obj
c:\users\anonymous\source\repos\tcengine\tcengine\release\simple2drenderer.obj
c:\users\anonymous\source\repos\tcengine\tcengine\release\shader.obj
c:\users\anonymous\source\repos\tcengine\tcengine\release\tilelayer.obj
c:\users\anonymous\source\repos\tcengine\tcengine\release\layer.obj
c:\users\anonymous\source\repos\tcengine\tcengine\release\group.obj
c:\users\anonymous\source\repos\tcengine\tcengine\release\vertexarray.obj
c:\users\anonymous\source\repos\tcengine\tcengine\release\indexbuffer.obj
c:\users\anonymous\source\repos\tcengine\tcengine\release\buffer.obj
c:\users\anonymous\source\repos\tcengine\tcengine\release\batchrenderer2d.obj
c:\users\anonymous\source\repos\tcengine\tcengine\release\main.obj
c:\users\anonymous\source\repos\tcengine\release\tcengine.exe
c:\users\anonymous\source\repos\tcengine\release\tcengine.pdb
c:\users\anonymous\source\repos\tcengine\release\tcengine.ipdb
c:\users\anonymous\source\repos\tcengine\release\tcengine.iobj
c:\users\anonymous\source\repos\tcengine\tcengine\release\tcengine.tlog\cl.command.1.tlog
c:\users\anonymous\source\repos\tcengine\tcengine\release\tcengine.tlog\cl.read.1.tlog
c:\users\anonymous\source\repos\tcengine\tcengine\release\tcengine.tlog\cl.write.1.tlog
c:\users\anonymous\source\repos\tcengine\tcengine\release\tcengine.tlog\link.command.1.tlog
c:\users\anonymous\source\repos\tcengine\tcengine\release\tcengine.tlog\link.read.1.tlog
c:\users\anonymous\source\repos\tcengine\tcengine\release\tcengine.tlog\link.write.1.tlog
c:\users\anonymous\source\repos\tcengine\tcengine\release\tcengine.tlog\tcengine.write.1u.tlog
