  main.cpp
c:\program files (x86)\windows kits\10\include\10.0.17763.0\shared\minwindef.h(130): warning C4005: 'APIENTRY': macro redefinition
  c:\users\anonymous\source\repos\tcengine\dependencies\glfw\include\glfw\glfw3.h(98): note: see previous definition of 'APIENTRY'
c:\users\anonymous\source\repos\tcengine\dependencies\freeimage\include\freeimage.h(908): error C2061: syntax error: identifier 'RGBQUAD'
c:\users\anonymous\source\repos\tcengine\dependencies\freeimage\include\freeimage.h(910): error C2061: syntax error: identifier 'RGBQUAD'
c:\users\anonymous\source\repos\tcengine\dependencies\freeimage\include\freeimage.h(922): error C2143: syntax error: missing ';' before '*'
c:\users\anonymous\source\repos\tcengine\dependencies\freeimage\include\freeimage.h(922): error C4430: missing type specifier - int assumed. Note: C++ does not support default-int
c:\users\anonymous\source\repos\tcengine\dependencies\freeimage\include\freeimage.h(929): error C2143: syntax error: missing ';' before '*'
c:\users\anonymous\source\repos\tcengine\dependencies\freeimage\include\freeimage.h(929): error C4430: missing type specifier - int assumed. Note: C++ does not support default-int
c:\users\anonymous\source\repos\tcengine\dependencies\freeimage\include\freeimage.h(930): error C2143: syntax error: missing ';' before '*'
c:\users\anonymous\source\repos\tcengine\dependencies\freeimage\include\freeimage.h(930): error C4430: missing type specifier - int assumed. Note: C++ does not support default-int
c:\users\anonymous\source\repos\tcengine\dependencies\freeimage\include\freeimage.h(946): error C2061: syntax error: identifier 'RGBQUAD'
c:\users\anonymous\source\repos\tcengine\dependencies\freeimage\include\freeimage.h(947): error C2061: syntax error: identifier 'RGBQUAD'
c:\users\anonymous\source\repos\tcengine\dependencies\freeimage\include\freeimage.h(961): error C2061: syntax error: identifier 'RGBQUAD'
c:\users\anonymous\source\repos\tcengine\dependencies\freeimage\include\freeimage.h(972): error C2061: syntax error: identifier 'RGBQUAD'
c:\users\anonymous\source\repos\tcengine\dependencies\freeimage\include\freeimage.h(973): error C2061: syntax error: identifier 'RGBQUAD'
c:\users\anonymous\source\repos\tcengine\dependencies\freeimage\include\freeimage.h(974): error C2061: syntax error: identifier 'RGBQUAD'
c:\users\anonymous\source\repos\tcengine\dependencies\freeimage\include\freeimage.h(978): error C2061: syntax error: identifier 'RGBQUAD'
c:\users\anonymous\source\repos\tcengine\dependencies\freeimage\include\freeimage.h(979): error C2061: syntax error: identifier 'RGBQUAD'
c:\users\anonymous\source\repos\tcengine\dependencies\freeimage\include\freeimage.h(980): error C2061: syntax error: identifier 'RGBQUAD'
c:\users\anonymous\source\repos\tcengine\dependencies\freeimage\include\freeimage.h(984): error C2061: syntax error: identifier 'RGBQUAD'
c:\users\anonymous\source\repos\tcengine\dependencies\freeimage\include\freeimage.h(985): error C2061: syntax error: identifier 'RGBQUAD'
c:\users\anonymous\source\repos\tcengine\dependencies\freeimage\include\freeimage.h(986): error C2061: syntax error: identifier 'RGBQUAD'
c:\users\anonymous\source\repos\tcengine\dependencies\freeimage\include\freeimage.h(990): error C2061: syntax error: identifier 'RGBQUAD'
c:\users\anonymous\source\repos\tcengine\dependencies\freeimage\include\freeimage.h(991): error C2061: syntax error: identifier 'RGBQUAD'
c:\users\anonymous\source\repos\tcengine\dependencies\freeimage\include\freeimage.h(992): error C2061: syntax error: identifier 'RGBQUAD'
c:\users\anonymous\source\repos\tcengine\dependencies\freeimage\include\freeimage.h(993): error C2061: syntax error: identifier 'RGBQUAD'
c:\users\anonymous\source\repos\tcengine\dependencies\freeimage\include\freeimage.h(994): error C2061: syntax error: identifier 'RGBQUAD'
c:\users\anonymous\source\repos\tcengine\dependencies\freeimage\include\freeimage.h(995): error C2061: syntax error: identifier 'RGBQUAD'
c:\users\anonymous\source\repos\tcengine\dependencies\freeimage\include\freeimage.h(1010): error C2061: syntax error: identifier 'RGBQUAD'
c:\users\anonymous\source\repos\tcengine\dependencies\freeimage\include\freeimage.h(1126): error C2061: syntax error: identifier 'RGBQUAD'
c:\users\anonymous\source\repos\tcengine\dependencies\freeimage\include\freeimage.h(1127): error C2061: syntax error: identifier 'RGBQUAD'
c:\users\anonymous\source\repos\tcengine\dependencies\freeimage\include\freeimage.h(1142): error C2061: syntax error: identifier 'RGBQUAD'
c:\users\anonymous\source\repos\tcengine\dependencies\freeimage\include\freeimage.h(1148): error C4430: missing type specifier - int assumed. Note: C++ does not support default-int
c:\users\anonymous\source\repos\tcengine\dependencies\freeimage\include\freeimage.h(1148): error C2143: syntax error: missing ',' before '*'
c:\users\anonymous\source\repos\tcengine\dependencies\freeimage\include\freeimage.h(1149): error C4430: missing type specifier - int assumed. Note: C++ does not support default-int
c:\users\anonymous\source\repos\tcengine\dependencies\freeimage\include\freeimage.h(1149): error C2143: syntax error: missing ',' before '*'
c:\users\anonymous\source\repos\tcengine\dependencies\freeimage\include\freeimage.h(1149): error C2548: 'FreeImage_AllocateExT': missing default parameter for parameter 7
  BatchRenderer2D.cpp
c:\users\anonymous\source\repos\tcengine\tcengine\src\graphics\batchrenderer2d.cpp(74): warning C4018: '<': signed/unsigned mismatch
c:\users\anonymous\source\repos\tcengine\tcengine\src\graphics\batchrenderer2d.cpp(99): warning C4244: 'initializing': conversion from 'float' to 'int', possible loss of data
c:\users\anonymous\source\repos\tcengine\tcengine\src\graphics\batchrenderer2d.cpp(100): warning C4244: 'initializing': conversion from 'float' to 'int', possible loss of data
c:\users\anonymous\source\repos\tcengine\tcengine\src\graphics\batchrenderer2d.cpp(101): warning C4244: 'initializing': conversion from 'float' to 'int', possible loss of data
c:\users\anonymous\source\repos\tcengine\tcengine\src\graphics\batchrenderer2d.cpp(102): warning C4244: 'initializing': conversion from 'float' to 'int', possible loss of data
c:\users\anonymous\source\repos\tcengine\tcengine\src\graphics\batchrenderer2d.cpp(145): warning C4018: '<': signed/unsigned mismatch
  buffer.cpp
  indexbuffer.cpp
  vertexarray.cpp
c:\users\anonymous\source\repos\tcengine\tcengine\src\graphics\buffers\vertexarray.cpp(16): warning C4018: '<': signed/unsigned mismatch
  group.cpp
  layer.cpp
c:\users\anonymous\source\repos\tcengine\tcengine\src\graphics\layers\layer.cpp(23): warning C4018: '<': signed/unsigned mismatch
  tilelayer.cpp
  shader.cpp
  simple2drenderer.cpp
  sprite.cpp
  static_sprite.cpp
  texture.cpp
  window.cpp
  mat4.cpp
  maths.h
  vec2.cpp
  vec3.cpp
  vec4.cpp
